<?xml version="1.0" encoding="UTF-8"?>
<!-- Generated by org.testng.reporters.JUnitXMLReporter -->
<testsuite ignored="0" hostname="sukeerthsahana" failures="2" tests="5" name="Test" time="4.077" errors="0" timestamp="2025-06-14T16:28:23 CDT">
  <testcase classname="apitest.CreateUserTest" name="verifyUserCreationWithValidData" time="1.82"/>
  <testcase classname="apitest.CreateUserTest" name="verifyUserCreationWithMissingFirstName" time="0.441"/>
  <testcase classname="apitest.PutTest" name="verifyUpdatelastname" time="0.43">
    <failure type="java.lang.AssertionError" message="expected [200] but found [400]">
      <![CDATA[java.lang.AssertionError: expected [200] but found [400]
at apitest.PutTest.verifyUpdatelastname(PutTest.java:39)
at java.base/java.util.ArrayList.forEach(ArrayList.java:1596)
... Removed 32 stack frames]]>
    </failure>
  </testcase> <!-- verifyUpdatelastname -->
  <testcase classname="apitest.PutTest" name="verifyUserUpdate" time="0.446">
    <failure type="java.lang.AssertionError" message="expected [200] but found [400]">
      <![CDATA[java.lang.AssertionError: expected [200] but found [400]
at apitest.PutTest.verifyUserUpdate(PutTest.java:29)
at java.base/java.util.ArrayList.forEach(ArrayList.java:1596)
... Removed 32 stack frames]]>
    </failure>
  </testcase> <!-- verifyUserUpdate -->
  <testcase classname="apitest.PutTest" name="verifyUserCreationWithMissingFirstName" time="0.429"/>
</testsuite> <!-- Test -->
