<?xml version="1.0" encoding="UTF-8"?>
<!-- Generated by org.testng.reporters.JUnitXMLReporter -->
<testsuite ignored="0" hostname="sukeerthsahana" failures="0" tests="6" name="UserAPITestSequence" time="7.691" errors="0" timestamp="2025-06-14T19:37:46 CDT">
  <testcase classname="apitest.CreateUserTest" name="verifyUserCreationWithValidData" time="3.675"/>
  <testcase classname="apitest.CreateUserTest" name="verifyUserCreationWithMissingFirstName" time="0.46"/>
  <testcase classname="apitest.PutTest" name="verifyUserCreationWithValidData" time="0.668"/>
  <testcase classname="apitest.PutTest" name="verifyUserCreationWithMissingFirstName" time="0.501"/>
  <testcase classname="apitest.PatchTest" name="verifyUserUpdateFirstname" time="0.557"/>
  <testcase classname="apitest.PatchTest" name="verifyUpdateUsernameWithSpecialChar" time="0.455"/>
</testsuite> <!-- UserAPITestSequence -->
